2026-02-09 15:55:36,287:WARNING:
'cuml' is a soft dependency and not included in the pycaret installation. Please run: `pip install cuml` to install.
2026-02-09 15:55:36,288:WARNING:
'cuml' is a soft dependency and not included in the pycaret installation. Please run: `pip install cuml` to install.
2026-02-09 15:55:36,288:WARNING:
'cuml' is a soft dependency and not included in the pycaret installation. Please run: `pip install cuml` to install.
2026-02-09 15:55:36,288:WARNING:
'cuml' is a soft dependency and not included in the pycaret installation. Please run: `pip install cuml` to install.
2026-02-09 16:02:48,388:INFO:PyCaret RegressionExperiment
2026-02-09 16:02:48,388:INFO:Logging name: reg-default-name
2026-02-09 16:02:48,388:INFO:ML Usecase: MLUsecase.REGRESSION
2026-02-09 16:02:48,388:INFO:version 3.3.2
2026-02-09 16:02:48,388:INFO:Initializing setup()
2026-02-09 16:02:48,388:INFO:self.USI: 9b40
2026-02-09 16:02:48,389:INFO:self._variable_keys: {'transform_target_param', 'n_jobs_param', 'memory', 'fold_groups_param', 'y', 'y_train', 'USI', 'y_test', 'exp_id', 'html_param', 'logging_param', 'target_param', '_ml_usecase', 'data', 'X_train', 'gpu_n_jobs_param', 'fold_shuffle_param', 'pipeline', 'log_plots_param', 'X', '_available_plots', 'fold_generator', 'seed', 'X_test', 'exp_name_log', 'gpu_param', 'idx'}
2026-02-09 16:02:48,389:INFO:Checking environment
2026-02-09 16:02:48,389:INFO:python_version: 3.11.9
2026-02-09 16:02:48,389:INFO:python_build: ('tags/v3.11.9:de54cf5', 'Apr  2 2024 10:12:12')
2026-02-09 16:02:48,389:INFO:machine: AMD64
2026-02-09 16:02:48,389:INFO:platform: Windows-10-10.0.26200-SP0
2026-02-09 16:02:48,389:INFO:Memory: svmem(total=16881364992, available=5004148736, percent=70.4, used=11877216256, free=5004148736)
2026-02-09 16:02:48,389:INFO:Physical Core: 6
2026-02-09 16:02:48,389:INFO:Logical Core: 12
2026-02-09 16:02:48,389:INFO:Checking libraries
2026-02-09 16:02:48,389:INFO:System:
2026-02-09 16:02:48,389:INFO:    python: 3.11.9 (tags/v3.11.9:de54cf5, Apr  2 2024, 10:12:12) [MSC v.1938 64 bit (AMD64)]
2026-02-09 16:02:48,389:INFO:executable: c:\Users\itwill\AppData\Local\Programs\Python\Python311\python.exe
2026-02-09 16:02:48,389:INFO:   machine: Windows-10-10.0.26200-SP0
2026-02-09 16:02:48,390:INFO:PyCaret required dependencies:
2026-02-09 16:02:48,414:WARNING:c:\Users\itwill\AppData\Local\Programs\Python\Python311\Lib\site-packages\_distutils_hack\__init__.py:33: UserWarning: Setuptools is replacing distutils.
  warnings.warn("Setuptools is replacing distutils.")

2026-02-09 16:02:48,418:INFO:                 pip: 26.0.1
2026-02-09 16:02:48,418:INFO:          setuptools: 65.5.0
2026-02-09 16:02:48,418:INFO:             pycaret: 3.3.2
2026-02-09 16:02:48,418:INFO:             IPython: 9.10.0
2026-02-09 16:02:48,418:INFO:          ipywidgets: 8.1.8
2026-02-09 16:02:48,418:INFO:                tqdm: 4.67.3
2026-02-09 16:02:48,418:INFO:               numpy: 1.26.4
2026-02-09 16:02:48,418:INFO:              pandas: 2.1.4
2026-02-09 16:02:48,418:INFO:              jinja2: 3.1.6
2026-02-09 16:02:48,418:INFO:               scipy: 1.11.4
2026-02-09 16:02:48,418:INFO:              joblib: 1.3.2
2026-02-09 16:02:48,418:INFO:             sklearn: 1.4.2
2026-02-09 16:02:48,418:INFO:                pyod: 2.0.6
2026-02-09 16:02:48,418:INFO:            imblearn: 0.13.0
2026-02-09 16:02:48,418:INFO:   category_encoders: 2.7.0
2026-02-09 16:02:48,418:INFO:            lightgbm: 4.6.0
2026-02-09 16:02:48,418:INFO:               numba: 0.63.1
2026-02-09 16:02:48,418:INFO:            requests: 2.32.5
2026-02-09 16:02:48,419:INFO:          matplotlib: 3.7.5
2026-02-09 16:02:48,419:INFO:          scikitplot: 0.3.7
2026-02-09 16:02:48,419:INFO:         yellowbrick: 1.5
2026-02-09 16:02:48,419:INFO:              plotly: 6.5.2
2026-02-09 16:02:48,419:INFO:    plotly-resampler: Not installed
2026-02-09 16:02:48,419:INFO:             kaleido: 1.2.0
2026-02-09 16:02:48,419:INFO:           schemdraw: 0.15
2026-02-09 16:02:48,419:INFO:         statsmodels: 0.14.6
2026-02-09 16:02:48,419:INFO:              sktime: 0.26.0
2026-02-09 16:02:48,419:INFO:               tbats: 1.1.3
2026-02-09 16:02:48,419:INFO:            pmdarima: 2.0.4
2026-02-09 16:02:48,419:INFO:              psutil: 7.2.2
2026-02-09 16:02:48,419:INFO:          markupsafe: 3.0.3
2026-02-09 16:02:48,419:INFO:             pickle5: Not installed
2026-02-09 16:02:48,419:INFO:         cloudpickle: 3.1.2
2026-02-09 16:02:48,419:INFO:         deprecation: 2.1.0
2026-02-09 16:02:48,419:INFO:              xxhash: 3.6.0
2026-02-09 16:02:48,419:INFO:           wurlitzer: Not installed
2026-02-09 16:02:48,419:INFO:PyCaret optional dependencies:
2026-02-09 16:02:48,424:INFO:                shap: 0.49.1
2026-02-09 16:02:48,424:INFO:           interpret: Not installed
2026-02-09 16:02:48,424:INFO:                umap: Not installed
2026-02-09 16:02:48,424:INFO:     ydata_profiling: Not installed
2026-02-09 16:02:48,424:INFO:  explainerdashboard: Not installed
2026-02-09 16:02:48,424:INFO:             autoviz: Not installed
2026-02-09 16:02:48,424:INFO:           fairlearn: Not installed
2026-02-09 16:02:48,424:INFO:          deepchecks: Not installed
2026-02-09 16:02:48,424:INFO:             xgboost: 2.1.4
2026-02-09 16:02:48,424:INFO:            catboost: 1.2.8
2026-02-09 16:02:48,424:INFO:              kmodes: 0.12.2
2026-02-09 16:02:48,424:INFO:             mlxtend: Not installed
2026-02-09 16:02:48,424:INFO:       statsforecast: Not installed
2026-02-09 16:02:48,424:INFO:        tune_sklearn: Not installed
2026-02-09 16:02:48,424:INFO:                 ray: Not installed
2026-02-09 16:02:48,424:INFO:            hyperopt: Not installed
2026-02-09 16:02:48,424:INFO:              optuna: Not installed
2026-02-09 16:02:48,425:INFO:               skopt: Not installed
2026-02-09 16:02:48,425:INFO:              mlflow: Not installed
2026-02-09 16:02:48,425:INFO:              gradio: Not installed
2026-02-09 16:02:48,425:INFO:             fastapi: Not installed
2026-02-09 16:02:48,425:INFO:             uvicorn: Not installed
2026-02-09 16:02:48,425:INFO:              m2cgen: Not installed
2026-02-09 16:02:48,425:INFO:           evidently: Not installed
2026-02-09 16:02:48,425:INFO:               fugue: Not installed
2026-02-09 16:02:48,425:INFO:           streamlit: Not installed
2026-02-09 16:02:48,425:INFO:             prophet: 1.3.0
2026-02-09 16:02:48,425:INFO:None
2026-02-09 16:02:48,425:INFO:Set up data.
2026-02-09 16:02:48,429:INFO:Set up folding strategy.
2026-02-09 16:02:48,429:INFO:Set up train/test split.
2026-02-09 16:02:48,432:INFO:Set up index.
2026-02-09 16:02:48,432:INFO:Assigning column types.
2026-02-09 16:02:48,435:INFO:Engine successfully changes for model 'lr' to 'sklearn'.
2026-02-09 16:02:48,435:INFO:Engine for model 'lasso' has not been set explicitly, hence returning None.
2026-02-09 16:02:48,437:INFO:Engine for model 'ridge' has not been set explicitly, hence returning None.
2026-02-09 16:02:48,440:INFO:Engine for model 'en' has not been set explicitly, hence returning None.
2026-02-09 16:02:48,475:INFO:Engine for model 'svm' has not been set explicitly, hence returning None.
2026-02-09 16:02:48,501:INFO:Engine for model 'knn' has not been set explicitly, hence returning None.
2026-02-09 16:02:48,502:INFO:Soft dependency imported: xgboost: 2.1.4
2026-02-09 16:02:48,503:INFO:Soft dependency imported: catboost: 1.2.8
2026-02-09 16:02:48,504:INFO:Engine for model 'lasso' has not been set explicitly, hence returning None.
2026-02-09 16:02:48,506:INFO:Engine for model 'ridge' has not been set explicitly, hence returning None.
2026-02-09 16:02:48,508:INFO:Engine for model 'en' has not been set explicitly, hence returning None.
2026-02-09 16:02:48,538:INFO:Engine for model 'svm' has not been set explicitly, hence returning None.
2026-02-09 16:02:48,563:INFO:Engine for model 'knn' has not been set explicitly, hence returning None.
2026-02-09 16:02:48,563:INFO:Soft dependency imported: xgboost: 2.1.4
2026-02-09 16:02:48,565:INFO:Soft dependency imported: catboost: 1.2.8
2026-02-09 16:02:48,565:INFO:Engine successfully changes for model 'lasso' to 'sklearn'.
2026-02-09 16:02:48,567:INFO:Engine for model 'ridge' has not been set explicitly, hence returning None.
2026-02-09 16:02:48,569:INFO:Engine for model 'en' has not been set explicitly, hence returning None.
2026-02-09 16:02:48,600:INFO:Engine for model 'svm' has not been set explicitly, hence returning None.
2026-02-09 16:02:48,624:INFO:Engine for model 'knn' has not been set explicitly, hence returning None.
2026-02-09 16:02:48,624:INFO:Soft dependency imported: xgboost: 2.1.4
2026-02-09 16:02:48,625:INFO:Soft dependency imported: catboost: 1.2.8
2026-02-09 16:02:48,627:INFO:Engine for model 'ridge' has not been set explicitly, hence returning None.
2026-02-09 16:02:48,629:INFO:Engine for model 'en' has not been set explicitly, hence returning None.
2026-02-09 16:02:48,658:INFO:Engine for model 'svm' has not been set explicitly, hence returning None.
2026-02-09 16:02:48,683:INFO:Engine for model 'knn' has not been set explicitly, hence returning None.
2026-02-09 16:02:48,683:INFO:Soft dependency imported: xgboost: 2.1.4
2026-02-09 16:02:48,684:INFO:Soft dependency imported: catboost: 1.2.8
2026-02-09 16:02:48,685:INFO:Engine successfully changes for model 'ridge' to 'sklearn'.
2026-02-09 16:02:48,689:INFO:Engine for model 'en' has not been set explicitly, hence returning None.
2026-02-09 16:02:48,721:INFO:Engine for model 'svm' has not been set explicitly, hence returning None.
2026-02-09 16:02:48,747:INFO:Engine for model 'knn' has not been set explicitly, hence returning None.
2026-02-09 16:02:48,748:INFO:Soft dependency imported: xgboost: 2.1.4
2026-02-09 16:02:48,749:INFO:Soft dependency imported: catboost: 1.2.8
2026-02-09 16:02:48,754:INFO:Engine for model 'en' has not been set explicitly, hence returning None.
2026-02-09 16:02:48,785:INFO:Engine for model 'svm' has not been set explicitly, hence returning None.
2026-02-09 16:02:48,809:INFO:Engine for model 'knn' has not been set explicitly, hence returning None.
2026-02-09 16:02:48,809:INFO:Soft dependency imported: xgboost: 2.1.4
2026-02-09 16:02:48,811:INFO:Soft dependency imported: catboost: 1.2.8
2026-02-09 16:02:48,811:INFO:Engine successfully changes for model 'en' to 'sklearn'.
2026-02-09 16:02:48,848:INFO:Engine for model 'svm' has not been set explicitly, hence returning None.
2026-02-09 16:02:48,871:INFO:Engine for model 'knn' has not been set explicitly, hence returning None.
2026-02-09 16:02:48,871:INFO:Soft dependency imported: xgboost: 2.1.4
2026-02-09 16:02:48,872:INFO:Soft dependency imported: catboost: 1.2.8
2026-02-09 16:02:48,907:INFO:Engine for model 'svm' has not been set explicitly, hence returning None.
2026-02-09 16:02:48,934:INFO:Engine for model 'knn' has not been set explicitly, hence returning None.
2026-02-09 16:02:48,935:INFO:Soft dependency imported: xgboost: 2.1.4
2026-02-09 16:02:48,936:INFO:Soft dependency imported: catboost: 1.2.8
2026-02-09 16:02:48,937:INFO:Engine successfully changes for model 'knn' to 'sklearn'.
2026-02-09 16:02:48,969:INFO:Engine for model 'svm' has not been set explicitly, hence returning None.
2026-02-09 16:02:48,993:INFO:Soft dependency imported: xgboost: 2.1.4
2026-02-09 16:02:48,995:INFO:Soft dependency imported: catboost: 1.2.8
2026-02-09 16:02:49,029:INFO:Engine for model 'svm' has not been set explicitly, hence returning None.
2026-02-09 16:02:49,055:INFO:Soft dependency imported: xgboost: 2.1.4
2026-02-09 16:02:49,056:INFO:Soft dependency imported: catboost: 1.2.8
2026-02-09 16:02:49,057:INFO:Engine successfully changes for model 'svm' to 'sklearn'.
2026-02-09 16:02:49,115:INFO:Soft dependency imported: xgboost: 2.1.4
2026-02-09 16:02:49,117:INFO:Soft dependency imported: catboost: 1.2.8
2026-02-09 16:02:49,176:INFO:Soft dependency imported: xgboost: 2.1.4
2026-02-09 16:02:49,177:INFO:Soft dependency imported: catboost: 1.2.8
2026-02-09 16:02:49,181:INFO:Preparing preprocessing pipeline...
2026-02-09 16:02:49,181:INFO:Set up simple imputation.
2026-02-09 16:02:49,197:INFO:Set up encoding of ordinal features.
2026-02-09 16:02:49,198:INFO:Set up encoding of categorical features.
2026-02-09 16:02:49,198:INFO:Set up feature normalization.
2026-02-09 16:02:49,239:INFO:Finished creating preprocessing pipeline.
2026-02-09 16:02:49,255:INFO:Pipeline: Pipeline(memory=FastMemory(location=C:\Users\itwill\AppData\Local\Temp\joblib),
         steps=[('numerical_imputer',
                 TransformerWrapper(include=['visitors', 'avg_price',
                                             'marketing_cost', 'delivery_ratio',
                                             'rain_mm', 'temperature'],
                                    transformer=SimpleImputer())),
                ('categorical_imputer',
                 TransformerWrapper(include=['weekend', 'holiday'],
                                    transformer=SimpleImputer(strat...
                 TransformerWrapper(include=['weekend', 'holiday'],
                                    transformer=OrdinalEncoder(cols=['weekend',
                                                                     'holiday'],
                                                               handle_missing='return_nan',
                                                               mapping=[{'col': 'weekend',
                                                                         'data_type': dtype('float64'),
                                                                         'mapping': 0.000    0
1.000    1
NaN     -1
dtype: int64},
                                                                        {'col': 'holiday',
                                                                         'data_type': dtype('float64'),
                                                                         'mapping': 0.000    0
1.000    1
NaN     -1
dtype: int64}]))),
                ('normalize',
                 TransformerWrapper(transformer=StandardScaler()))])
2026-02-09 16:02:49,255:INFO:Creating final display dataframe.
2026-02-09 16:02:49,350:INFO:Setup _display_container:                     Description             Value
0                    Session id                52
1                        Target             sales
2                   Target type        Regression
3           Original data shape          (353, 9)
4        Transformed data shape          (353, 9)
5   Transformed train set shape          (264, 9)
6    Transformed test set shape           (89, 9)
7              Numeric features                 6
8          Categorical features                 2
9                    Preprocess              True
10              Imputation type            simple
11           Numeric imputation              mean
12       Categorical imputation              mode
13     Maximum one-hot encoding                25
14              Encoding method              None
15                    Normalize              True
16             Normalize method            zscore
17               Fold Generator             KFold
18                  Fold Number                 5
19                     CPU Jobs                -1
20                      Use GPU             False
21               Log Experiment             False
22              Experiment Name  reg-default-name
23                          USI              9b40
2026-02-09 16:02:49,408:INFO:Soft dependency imported: xgboost: 2.1.4
2026-02-09 16:02:49,410:INFO:Soft dependency imported: catboost: 1.2.8
2026-02-09 16:02:49,471:INFO:Soft dependency imported: xgboost: 2.1.4
2026-02-09 16:02:49,473:INFO:Soft dependency imported: catboost: 1.2.8
2026-02-09 16:02:49,473:INFO:setup() successfully completed in 1.1s...............
2026-02-09 16:03:14,968:INFO:gpu_param set to False
2026-02-09 16:03:15,039:INFO:Soft dependency imported: xgboost: 2.1.4
2026-02-09 16:03:15,040:INFO:Soft dependency imported: catboost: 1.2.8
2026-02-09 16:03:15,101:INFO:Soft dependency imported: xgboost: 2.1.4
2026-02-09 16:03:15,103:INFO:Soft dependency imported: catboost: 1.2.8
2026-02-09 16:03:29,482:INFO:Initializing create_model()
2026-02-09 16:03:29,482:INFO:create_model(self=<pycaret.regression.oop.RegressionExperiment object at 0x000001E8AB46A9D0>, estimator=rf, fold=None, round=4, cross_validation=True, predict=True, fit_kwargs=None, groups=None, refit=True, probability_threshold=None, experiment_custom_tags=None, verbose=True, system=True, add_to_model_list=True, metrics=None, display=None, model_only=True, return_train_score=False, error_score=0.0, kwargs={})
2026-02-09 16:03:29,482:INFO:Checking exceptions
2026-02-09 16:03:29,501:INFO:Importing libraries
2026-02-09 16:03:29,501:INFO:Copying training dataset
2026-02-09 16:03:29,505:INFO:Defining folds
2026-02-09 16:03:29,505:INFO:Declaring metric variables
2026-02-09 16:03:29,508:INFO:Importing untrained model
2026-02-09 16:03:29,511:INFO:Random Forest Regressor Imported successfully
2026-02-09 16:03:29,517:INFO:Starting cross validation
2026-02-09 16:03:29,528:INFO:Cross validating with KFold(n_splits=5, random_state=None, shuffle=False), n_jobs=-1
2026-02-09 16:03:32,381:WARNING:c:\Users\itwill\AppData\Local\Programs\Python\Python311\Lib\site-packages\_distutils_hack\__init__.py:33: UserWarning: Setuptools is replacing distutils.
  warnings.warn("Setuptools is replacing distutils.")

2026-02-09 16:03:32,381:WARNING:c:\Users\itwill\AppData\Local\Programs\Python\Python311\Lib\site-packages\_distutils_hack\__init__.py:33: UserWarning: Setuptools is replacing distutils.
  warnings.warn("Setuptools is replacing distutils.")

2026-02-09 16:03:32,384:WARNING:c:\Users\itwill\AppData\Local\Programs\Python\Python311\Lib\site-packages\_distutils_hack\__init__.py:33: UserWarning: Setuptools is replacing distutils.
  warnings.warn("Setuptools is replacing distutils.")

2026-02-09 16:03:32,384:WARNING:c:\Users\itwill\AppData\Local\Programs\Python\Python311\Lib\site-packages\_distutils_hack\__init__.py:33: UserWarning: Setuptools is replacing distutils.
  warnings.warn("Setuptools is replacing distutils.")

2026-02-09 16:03:32,385:WARNING:c:\Users\itwill\AppData\Local\Programs\Python\Python311\Lib\site-packages\_distutils_hack\__init__.py:33: UserWarning: Setuptools is replacing distutils.
  warnings.warn("Setuptools is replacing distutils.")

2026-02-09 16:03:32,710:INFO:Calculating mean and std
2026-02-09 16:03:32,712:INFO:Creating metrics dataframe
2026-02-09 16:03:32,718:INFO:Finalizing model
2026-02-09 16:03:32,834:INFO:Uploading results into container
2026-02-09 16:03:32,835:INFO:Uploading model into container now
2026-02-09 16:03:32,841:INFO:_master_model_container: 1
2026-02-09 16:03:32,841:INFO:_display_container: 2
2026-02-09 16:03:32,841:INFO:RandomForestRegressor(n_jobs=-1, random_state=52)
2026-02-09 16:03:32,841:INFO:create_model() successfully completed......................................
2026-02-09 16:06:10,902:INFO:Initializing tune_model()
2026-02-09 16:06:10,902:INFO:tune_model(self=<pycaret.regression.oop.RegressionExperiment object at 0x000001E8AB46A9D0>, estimator=RandomForestRegressor(n_jobs=-1, random_state=52), fold=5, round=4, n_iter=30, custom_grid={'n_estimators': [300, 500], 'max_depth': [None, 10], 'min_samples_leaf': [5, 10], 'max_features': ['sqrt', 1.0]}, optimize=RMSE, custom_scorer=None, search_library=scikit-learn, search_algorithm=grid, early_stopping=True, early_stopping_max_iters=10, choose_better=True, fit_kwargs=None, groups=None, return_tuner=False, verbose=False, tuner_verbose=True, return_train_score=False, kwargs={})
2026-02-09 16:06:10,902:INFO:Checking exceptions
2026-02-09 16:06:10,906:INFO:Copying training dataset
2026-02-09 16:06:10,908:INFO:Checking base model
2026-02-09 16:06:10,908:INFO:Base model : Random Forest Regressor
2026-02-09 16:06:10,908:INFO:Declaring metric variables
2026-02-09 16:06:10,908:INFO:Defining Hyperparameters
2026-02-09 16:06:11,013:INFO:custom_grid: {'actual_estimator__n_estimators': [300, 500], 'actual_estimator__max_depth': [None, 10], 'actual_estimator__min_samples_leaf': [5, 10], 'actual_estimator__max_features': ['sqrt', 1.0]}
2026-02-09 16:06:11,013:INFO:Tuning with n_jobs=-1
2026-02-09 16:06:11,013:INFO:Initializing GridSearchCV
2026-02-09 16:06:15,551:WARNING:c:\Users\itwill\AppData\Local\Programs\Python\Python311\Lib\site-packages\_distutils_hack\__init__.py:33: UserWarning: Setuptools is replacing distutils.
  warnings.warn("Setuptools is replacing distutils.")

2026-02-09 16:06:15,565:WARNING:c:\Users\itwill\AppData\Local\Programs\Python\Python311\Lib\site-packages\_distutils_hack\__init__.py:33: UserWarning: Setuptools is replacing distutils.
  warnings.warn("Setuptools is replacing distutils.")

2026-02-09 16:06:15,573:WARNING:c:\Users\itwill\AppData\Local\Programs\Python\Python311\Lib\site-packages\_distutils_hack\__init__.py:33: UserWarning: Setuptools is replacing distutils.
  warnings.warn("Setuptools is replacing distutils.")

2026-02-09 16:06:15,581:WARNING:c:\Users\itwill\AppData\Local\Programs\Python\Python311\Lib\site-packages\_distutils_hack\__init__.py:33: UserWarning: Setuptools is replacing distutils.
  warnings.warn("Setuptools is replacing distutils.")

2026-02-09 16:06:15,593:WARNING:c:\Users\itwill\AppData\Local\Programs\Python\Python311\Lib\site-packages\_distutils_hack\__init__.py:33: UserWarning: Setuptools is replacing distutils.
  warnings.warn("Setuptools is replacing distutils.")

2026-02-09 16:06:15,624:WARNING:c:\Users\itwill\AppData\Local\Programs\Python\Python311\Lib\site-packages\_distutils_hack\__init__.py:33: UserWarning: Setuptools is replacing distutils.
  warnings.warn("Setuptools is replacing distutils.")

2026-02-09 16:06:15,647:WARNING:c:\Users\itwill\AppData\Local\Programs\Python\Python311\Lib\site-packages\_distutils_hack\__init__.py:33: UserWarning: Setuptools is replacing distutils.
  warnings.warn("Setuptools is replacing distutils.")

2026-02-09 16:06:18,318:INFO:best_params: {'actual_estimator__max_depth': None, 'actual_estimator__max_features': 1.0, 'actual_estimator__min_samples_leaf': 5, 'actual_estimator__n_estimators': 300}
2026-02-09 16:06:18,319:INFO:Hyperparameter search completed
2026-02-09 16:06:18,319:INFO:SubProcess create_model() called ==================================
2026-02-09 16:06:18,319:INFO:Initializing create_model()
2026-02-09 16:06:18,319:INFO:create_model(self=<pycaret.regression.oop.RegressionExperiment object at 0x000001E8AB46A9D0>, estimator=RandomForestRegressor(n_jobs=-1, random_state=52), fold=KFold(n_splits=5, random_state=None, shuffle=False), round=4, cross_validation=True, predict=True, fit_kwargs={}, groups=None, refit=True, probability_threshold=None, experiment_custom_tags=None, verbose=True, system=False, add_to_model_list=True, metrics=None, display=<pycaret.internal.display.display.CommonDisplay object at 0x000001E8AB2E3050>, model_only=True, return_train_score=False, error_score=0.0, kwargs={'max_depth': None, 'max_features': 1.0, 'min_samples_leaf': 5, 'n_estimators': 300})
2026-02-09 16:06:18,319:INFO:Checking exceptions
2026-02-09 16:06:18,319:INFO:Importing libraries
2026-02-09 16:06:18,319:INFO:Copying training dataset
2026-02-09 16:06:18,321:INFO:Defining folds
2026-02-09 16:06:18,321:INFO:Declaring metric variables
2026-02-09 16:06:18,321:INFO:Importing untrained model
2026-02-09 16:06:18,321:INFO:Declaring custom model
2026-02-09 16:06:18,322:INFO:Random Forest Regressor Imported successfully
2026-02-09 16:06:18,322:INFO:Starting cross validation
2026-02-09 16:06:18,323:INFO:Cross validating with KFold(n_splits=5, random_state=None, shuffle=False), n_jobs=-1
2026-02-09 16:06:18,678:INFO:Calculating mean and std
2026-02-09 16:06:18,679:INFO:Creating metrics dataframe
2026-02-09 16:06:18,680:INFO:Finalizing model
2026-02-09 16:06:18,910:INFO:Uploading results into container
2026-02-09 16:06:18,911:INFO:Uploading model into container now
2026-02-09 16:06:18,911:INFO:_master_model_container: 2
2026-02-09 16:06:18,912:INFO:_display_container: 3
2026-02-09 16:06:18,912:INFO:RandomForestRegressor(min_samples_leaf=5, n_estimators=300, n_jobs=-1,
                      random_state=52)
2026-02-09 16:06:18,912:INFO:create_model() successfully completed......................................
2026-02-09 16:06:19,005:INFO:SubProcess create_model() end ==================================
2026-02-09 16:06:19,005:INFO:choose_better activated
2026-02-09 16:06:19,005:INFO:SubProcess create_model() called ==================================
2026-02-09 16:06:19,006:INFO:Initializing create_model()
2026-02-09 16:06:19,006:INFO:create_model(self=<pycaret.regression.oop.RegressionExperiment object at 0x000001E8AB46A9D0>, estimator=RandomForestRegressor(n_jobs=-1, random_state=52), fold=KFold(n_splits=5, random_state=None, shuffle=False), round=4, cross_validation=True, predict=True, fit_kwargs={}, groups=None, refit=True, probability_threshold=None, experiment_custom_tags=None, verbose=False, system=False, add_to_model_list=True, metrics=None, display=None, model_only=True, return_train_score=False, error_score=0.0, kwargs={})
2026-02-09 16:06:19,006:INFO:Checking exceptions
2026-02-09 16:06:19,007:INFO:Importing libraries
2026-02-09 16:06:19,007:INFO:Copying training dataset
2026-02-09 16:06:19,010:INFO:Defining folds
2026-02-09 16:06:19,010:INFO:Declaring metric variables
2026-02-09 16:06:19,011:INFO:Importing untrained model
2026-02-09 16:06:19,011:INFO:Declaring custom model
2026-02-09 16:06:19,011:INFO:Random Forest Regressor Imported successfully
2026-02-09 16:06:19,011:INFO:Starting cross validation
2026-02-09 16:06:19,012:INFO:Cross validating with KFold(n_splits=5, random_state=None, shuffle=False), n_jobs=-1
2026-02-09 16:06:19,206:INFO:Calculating mean and std
2026-02-09 16:06:19,207:INFO:Creating metrics dataframe
2026-02-09 16:06:19,208:INFO:Finalizing model
2026-02-09 16:06:19,307:INFO:Uploading results into container
2026-02-09 16:06:19,308:INFO:Uploading model into container now
2026-02-09 16:06:19,308:INFO:_master_model_container: 3
2026-02-09 16:06:19,308:INFO:_display_container: 4
2026-02-09 16:06:19,308:INFO:RandomForestRegressor(n_jobs=-1, random_state=52)
2026-02-09 16:06:19,308:INFO:create_model() successfully completed......................................
2026-02-09 16:06:19,396:INFO:SubProcess create_model() end ==================================
2026-02-09 16:06:19,397:INFO:RandomForestRegressor(n_jobs=-1, random_state=52) result for RMSE is 0.2214
2026-02-09 16:06:19,397:INFO:RandomForestRegressor(min_samples_leaf=5, n_estimators=300, n_jobs=-1,
                      random_state=52) result for RMSE is 0.2205
2026-02-09 16:06:19,398:INFO:RandomForestRegressor(min_samples_leaf=5, n_estimators=300, n_jobs=-1,
                      random_state=52) is best model
2026-02-09 16:06:19,398:INFO:choose_better completed
2026-02-09 16:06:19,398:INFO:_master_model_container: 3
2026-02-09 16:06:19,398:INFO:_display_container: 3
2026-02-09 16:06:19,399:INFO:RandomForestRegressor(min_samples_leaf=5, n_estimators=300, n_jobs=-1,
                      random_state=52)
2026-02-09 16:06:19,399:INFO:tune_model() successfully completed......................................
2026-02-09 16:06:58,517:INFO:Initializing evaluate_model()
2026-02-09 16:06:58,517:INFO:evaluate_model(self=<pycaret.regression.oop.RegressionExperiment object at 0x000001E8AB46A9D0>, estimator=RandomForestRegressor(min_samples_leaf=5, n_estimators=300, n_jobs=-1,
                      random_state=52), fold=None, fit_kwargs=None, plot_kwargs=None, feature_name=None, groups=None)
2026-02-09 16:06:58,523:INFO:Initializing plot_model()
2026-02-09 16:06:58,524:INFO:plot_model(self=<pycaret.regression.oop.RegressionExperiment object at 0x000001E8AB46A9D0>, estimator=RandomForestRegressor(min_samples_leaf=5, n_estimators=300, n_jobs=-1,
                      random_state=52), plot=pipeline, scale=1, save=False, fold=KFold(n_splits=5, random_state=None, shuffle=False), fit_kwargs={}, plot_kwargs=None, groups=None, feature_name=None, label=False, verbose=False, system=True, display=None, display_format=None)
2026-02-09 16:06:58,524:INFO:Checking exceptions
2026-02-09 16:06:58,552:INFO:Preloading libraries
2026-02-09 16:06:58,564:INFO:Copying training dataset
2026-02-09 16:06:58,564:INFO:Plot type: pipeline
2026-02-09 16:06:58,671:INFO:Visual Rendered Successfully
2026-02-09 16:06:58,764:INFO:plot_model() successfully completed......................................
2026-02-09 16:07:19,617:INFO:Initializing interpret_model()
2026-02-09 16:07:19,617:INFO:interpret_model(self=<pycaret.regression.oop.RegressionExperiment object at 0x000001E8AB46A9D0>, estimator=RandomForestRegressor(min_samples_leaf=5, n_estimators=300, n_jobs=-1,
                      random_state=52), plot=summary, feature=None, observation=None, use_train_data=True, X_new_sample=None, y_new_sample=None, save=False, kwargs={})
2026-02-09 16:07:19,617:INFO:Checking exceptions
2026-02-09 16:07:19,617:INFO:Soft dependency imported: shap: 0.49.1
2026-02-09 16:07:19,664:INFO:plot type: summary
2026-02-09 16:07:19,664:INFO:Creating TreeExplainer
2026-02-09 16:07:19,670:INFO:Compiling shap values
2026-02-09 16:07:19,861:WARNING:c:\Users\itwill\AppData\Local\Programs\Python\Python311\Lib\site-packages\pycaret\internal\pycaret_experiment\supervised_experiment.py:4145: FutureWarning: The NumPy global RNG was seeded by calling `np.random.seed`. In a future version this function will no longer use the global RNG. Pass `rng` explicitly to opt-in to the new behaviour and silence this warning.
  shap_plot = shap.summary_plot(shap_values, test_X, show=show, **kwargs)

2026-02-09 16:07:20,037:INFO:Visual Rendered Successfully
2026-02-09 16:07:20,037:INFO:interpret_model() successfully completed......................................
2026-02-09 16:07:43,744:INFO:Initializing interpret_model()
2026-02-09 16:07:43,744:INFO:interpret_model(self=<pycaret.regression.oop.RegressionExperiment object at 0x000001E8AB46A9D0>, estimator=RandomForestRegressor(min_samples_leaf=5, n_estimators=300, n_jobs=-1,
                      random_state=52), plot=correlation, feature=temperature, observation=None, use_train_data=True, X_new_sample=None, y_new_sample=None, save=False, kwargs={})
2026-02-09 16:07:43,744:INFO:Checking exceptions
2026-02-09 16:07:43,744:INFO:Soft dependency imported: shap: 0.49.1
2026-02-09 16:07:43,787:INFO:plot type: correlation
2026-02-09 16:07:43,787:WARNING:feature value passed. Feature used for correlation plot: temperature
2026-02-09 16:07:43,787:INFO:Creating TreeExplainer
2026-02-09 16:07:43,792:INFO:Compiling shap values
2026-02-09 16:07:43,981:INFO:model type detected: type 2
2026-02-09 16:07:44,118:INFO:Visual Rendered Successfully
2026-02-09 16:07:44,118:INFO:interpret_model() successfully completed......................................
2026-02-09 16:12:52,588:INFO:Initializing get_config()
2026-02-09 16:12:52,588:INFO:get_config(self=<pycaret.regression.oop.RegressionExperiment object at 0x000001E8AB46A9D0>, variable=X)
2026-02-09 16:12:52,595:INFO:Variable:  returned as             visitors  avg_price  marketing_cost  delivery_ratio  rain_mm  \
date                                                                       
2024-06-11       129       8590           8.987           0.410    2.028   
2024-06-20       115      22020           8.412           0.380    2.219   
2024-08-25       115      14630           9.457           0.490    2.251   
2024-11-22       137      16830           8.810           0.380    1.194   
2024-12-30       106      13370           8.537           0.480    2.197   
...              ...        ...             ...             ...      ...   
2024-03-20       122      11410           9.589           0.410    2.322   
2024-10-20       116      16050           8.390           0.530    1.841   
2024-11-23       133      14910           8.576           0.260    1.163   
2024-07-23       120      14680           8.189           0.530    1.825   
2024-11-18       129       9970           8.975           0.400    2.303   

            temperature holiday weekend  
date                                     
2024-06-11       14.200       0       0  
2024-06-20        8.000       0       0  
2024-08-25       -2.900       1       1  
2024-11-22        0.700       0       0  
2024-12-30        9.600       0       0  
...                 ...     ...     ...  
2024-03-20       26.000       0       0  
2024-10-20       -5.800       1       1  
2024-11-23       -1.400       1       1  
2024-07-23        2.600       0       0  
2024-11-18       -2.000       0       0  

[353 rows x 8 columns]
2026-02-09 16:12:52,595:INFO:get_config() successfully completed......................................
2026-02-09 16:12:52,595:INFO:Initializing get_config()
2026-02-09 16:12:52,595:INFO:get_config(self=<pycaret.regression.oop.RegressionExperiment object at 0x000001E8AB46A9D0>, variable=y)
2026-02-09 16:12:52,597:INFO:Variable:  returned as date
2024-06-11   16.142
2024-06-20   15.944
2024-08-25   16.580
2024-11-22   16.408
2024-12-30   16.235
              ...  
2024-03-20   16.246
2024-10-20   16.988
2024-11-23   16.865
2024-07-23   16.111
2024-11-18   15.904
Name: sales, Length: 353, dtype: float32
2026-02-09 16:12:52,597:INFO:get_config() successfully completed......................................
2026-02-09 16:12:52,597:INFO:Initializing get_config()
2026-02-09 16:12:52,597:INFO:get_config(self=<pycaret.regression.oop.RegressionExperiment object at 0x000001E8AB46A9D0>, variable=X_train)
2026-02-09 16:12:52,597:INFO:Variable: 'X_train' used to return the transformed values in PyCaret 2.x. From PyCaret 3.x, this will return the raw values. If you need the transformed values, call get_config with 'X_train_transformed' instead.
2026-02-09 16:12:52,597:WARNING:c:\Users\itwill\AppData\Local\Programs\Python\Python311\Lib\site-packages\pycaret\internal\pycaret_experiment\pycaret_experiment.py:321: UserWarning: Variable: 'X_train' used to return the transformed values in PyCaret 2.x. From PyCaret 3.x, this will return the raw values. If you need the transformed values, call get_config with 'X_train_transformed' instead.
  warnings.warn(msg)  # print on screen

2026-02-09 16:12:52,600:INFO:Variable:  returned as             visitors  avg_price  marketing_cost  delivery_ratio  rain_mm  \
date                                                                       
2024-06-11       129       8590           8.987           0.410    2.028   
2024-06-20       115      22020           8.412           0.380    2.219   
2024-08-25       115      14630           9.457           0.490    2.251   
2024-11-22       137      16830           8.810           0.380    1.194   
2024-12-30       106      13370           8.537           0.480    2.197   
...              ...        ...             ...             ...      ...   
2024-03-30       123      13930           7.901           0.530    2.015   
2024-06-04       114      25370           8.700           0.510    1.589   
2024-01-14       101      11620           8.319           0.210    0.916   
2024-10-05        98      17270           8.269           0.280    1.335   
2024-06-10       109      15710           8.700           0.540    1.758   

            temperature holiday weekend  
date                                     
2024-06-11       14.200       0       0  
2024-06-20        8.000       0       0  
2024-08-25       -2.900       1       1  
2024-11-22        0.700       0       0  
2024-12-30        9.600       0       0  
...                 ...     ...     ...  
2024-03-30       27.700       1       1  
2024-06-04       11.400       0       0  
2024-01-14       12.900       1       1  
2024-10-05       -5.900       1       1  
2024-06-10       11.600       0       0  

[264 rows x 8 columns]
2026-02-09 16:12:52,601:INFO:get_config() successfully completed......................................
2026-02-09 16:12:52,601:INFO:Initializing get_config()
2026-02-09 16:12:52,601:INFO:get_config(self=<pycaret.regression.oop.RegressionExperiment object at 0x000001E8AB46A9D0>, variable=y_train)
2026-02-09 16:12:52,601:INFO:Variable: 'y_train' used to return the transformed values in PyCaret 2.x. From PyCaret 3.x, this will return the raw values. If you need the transformed values, call get_config with 'y_train_transformed' instead.
2026-02-09 16:12:52,601:WARNING:c:\Users\itwill\AppData\Local\Programs\Python\Python311\Lib\site-packages\pycaret\internal\pycaret_experiment\pycaret_experiment.py:321: UserWarning: Variable: 'y_train' used to return the transformed values in PyCaret 2.x. From PyCaret 3.x, this will return the raw values. If you need the transformed values, call get_config with 'y_train_transformed' instead.
  warnings.warn(msg)  # print on screen

2026-02-09 16:12:52,602:INFO:Variable:  returned as date
2024-06-11   16.142
2024-06-20   15.944
2024-08-25   16.580
2024-11-22   16.408
2024-12-30   16.235
              ...  
2024-03-30   16.420
2024-06-04   16.372
2024-01-14   16.631
2024-10-05   16.479
2024-06-10   15.976
Name: sales, Length: 264, dtype: float32
2026-02-09 16:12:52,602:INFO:get_config() successfully completed......................................
2026-02-09 16:12:52,602:INFO:Initializing get_config()
2026-02-09 16:12:52,602:INFO:get_config(self=<pycaret.regression.oop.RegressionExperiment object at 0x000001E8AB46A9D0>, variable=X_test)
2026-02-09 16:12:52,602:INFO:Variable: 'X_test' used to return the transformed values in PyCaret 2.x. From PyCaret 3.x, this will return the raw values. If you need the transformed values, call get_config with 'X_test_transformed' instead.
2026-02-09 16:12:52,602:WARNING:c:\Users\itwill\AppData\Local\Programs\Python\Python311\Lib\site-packages\pycaret\internal\pycaret_experiment\pycaret_experiment.py:321: UserWarning: Variable: 'X_test' used to return the transformed values in PyCaret 2.x. From PyCaret 3.x, this will return the raw values. If you need the transformed values, call get_config with 'X_test_transformed' instead.
  warnings.warn(msg)  # print on screen

2026-02-09 16:12:52,605:INFO:Variable:  returned as             visitors  avg_price  marketing_cost  delivery_ratio  rain_mm  \
date                                                                       
2024-07-06       119      10750           9.781           0.510    1.946   
2024-02-18       129      20280           8.594           0.480    2.163   
2024-05-14       101      15370           9.116           0.420    1.856   
2024-02-05       121      12660           9.297           0.730    1.758   
2024-05-20       113      14930           8.189           0.460    0.588   
2024-04-04       137      15100           8.683           0.500    1.435   
2024-11-14       110       9530           8.962           0.470    0.916   
2024-12-25       131      17110           8.576           0.470    2.534   
2024-07-03       118      11580           8.343           0.340    2.001   
2024-05-10       123      13320           7.824           0.580    0.875   
2024-05-29       120      17660          10.469           0.590    1.526   
2024-05-22       125      13400           8.477           0.370    1.482   
2024-06-18       110      13100           8.949           0.410    1.609   
2024-02-19       115      15900           9.511           0.430    1.030   
2024-10-31       118      16190           8.825           0.450    0.875   
2024-05-12       111      21280           7.938           0.430    0.405   
2024-12-26       105      13520           7.650           0.350    1.361   
2024-04-06       138      19640           7.496           0.560    1.758   
2024-07-09       123      13360           9.417           0.410    1.030   
2024-04-08       134      21740           8.882           0.470    2.493   
2024-10-18       127      12230           8.868           0.530    2.313   
2024-11-04       115      12040           9.852           0.410    0.262   
2024-08-27       137      19300           8.854           0.650    2.728   
2024-08-20       121      15340           8.390           0.330    1.775   
2024-01-07       123      15650           9.000           0.340    1.960   
2024-12-21       126      16070           8.716           0.470    1.065   
2024-04-27       107      18080           9.259           0.400    2.092   
2024-04-26       135      16750           8.764           0.520    0.405   
2024-12-10       115      16150           9.759           0.580    1.569   
2024-12-20        95      10470           8.896           0.620    0.470   
2024-10-07       118      18510           7.439           0.470    2.501   
2024-06-13       110      10320           8.367           0.180    2.342   
2024-07-30       128      18780           8.839           0.350    1.917   
2024-01-25       109      21320           8.132           0.510    0.405   
2024-01-26       125      15180           8.683           0.510    0.262   
2024-08-22       134      15460           9.048           0.500    0.642   
2024-02-14       119      18750           8.716           0.310    2.754   
2024-02-24       130      10560           8.161           0.410    1.932   
2024-03-03       128      20720           8.975           0.510    1.872   
2024-01-01       122      14490           9.200           0.480    1.946   
2024-03-05       125      14170           8.764           0.420    2.054   
2024-07-16       124      15420           8.517           0.390    2.272   
2024-05-05       139      15410           9.350           0.470    2.175   
2024-01-22       134      20040           8.748           0.440    0.916   
2024-06-21       111      18530           9.324           0.550    0.993   
2024-02-29       127      13470           9.127           0.460    1.589   
2024-11-30       101      20060           8.909           0.180    2.067   
2024-07-13       127      21930           8.319           0.490    1.686   
2024-06-05       126      20820           9.770           0.610    1.988   
2024-06-03       134      15240           8.780           0.640    2.054   
2024-09-24       116      15550           8.949           0.450    0.531   
2024-09-22       117      14400           9.333           0.410    1.856   
2024-11-28       100      17460           9.083           0.450    1.705   
2024-04-07       113      16610           9.629           0.260    1.887   
2024-11-20       114      16500           8.825           0.500    2.197   
2024-09-01       129      17790           9.240           0.260    1.131   
2024-03-19       116      15340           8.923           0.460    2.219   
2024-01-02       106      11880           9.149           0.480    2.079   
2024-09-04       118      23040           8.613           0.400    1.253   
2024-01-03       120      18010           8.666           0.430    2.595   
2024-03-01       119      13590          10.296           0.470    1.856   
2024-04-17       126      16260           8.594           0.710    2.262   
2024-09-18       129      11940           8.007           0.230    2.821   
2024-07-10       133       7290           8.102           0.470    2.219   
2024-05-18       109      17420           9.071           0.360    0.470   
2024-09-10       105      15950           9.116           0.390    2.197   
2024-03-22       112      13750           8.132           0.390    2.351   
2024-05-21       100      17360           9.190           0.340    2.140   
2024-01-12       109      13800           8.613           0.540    1.649   
2024-12-18       124      23560           8.839           0.330    2.851   
2024-10-08       129      15060           8.243           0.350    1.194   
2024-01-28       121      11040           8.648           0.350    1.775   
2024-09-21       109      21480           8.294           0.390    2.262   
2024-01-29       124      10900           8.962           0.510    1.131   
2024-10-17       113      19570           9.297           0.470    0.833   
2024-02-15       127      11510           8.517           0.460    0.405   
2024-10-21       116      11210           8.477           0.750    2.468   
2024-05-16       113      12170           8.666           0.170    1.526   
2024-07-24       126      13610           8.882           0.770    1.526   
2024-06-16       125       8920           8.987           0.320    0.405   
2024-08-15       126      13090           8.071           0.410    2.251   
2024-02-07       129      13540           7.901           0.330    0.642   
2024-01-09       109      17550           8.537           0.490    1.758   
2024-10-01       124      11850          10.853           0.580    1.740   
2024-03-20       122      11410           9.589           0.410    2.322   
2024-10-20       116      16050           8.390           0.530    1.841   
2024-11-23       133      14910           8.576           0.260    1.163   
2024-07-23       120      14680           8.189           0.530    1.825   
2024-11-18       129       9970           8.975           0.400    2.303   

            temperature holiday weekend  
date                                     
2024-07-06        8.900       1       1  
2024-02-18       22.700       1       1  
2024-05-14       26.500       0       0  
2024-02-05       18.100       0       0  
2024-05-20       20.400       0       0  
2024-04-04       24.300       1       0  
2024-11-14       -1.500       0       0  
2024-12-25        8.100       0       0  
2024-07-03        8.500       0       0  
2024-05-10       22.400       0       0  
2024-05-29       19.000       0       0  
2024-05-22       22.500       0       0  
2024-06-18       11.900       0       0  
2024-02-19       21.600       0       0  
2024-10-31       -3.900       0       0  
2024-05-12       18.600       1       1  
2024-12-26        2.700       0       0  
2024-04-06       24.400       1       1  
2024-07-09        5.900       0       0  
2024-04-08       24.900       0       0  
2024-10-18       -3.500       0       0  
2024-11-04       -0.700       0       0  
2024-08-27       -3.600       0       0  
2024-08-20       -3.000       0       0  
2024-01-07       15.100       1       1  
2024-12-21        8.400       1       1  
2024-04-27       24.600       1       1  
2024-04-26       22.300       0       0  
2024-12-10        3.500       0       0  
2024-12-20        5.000       0       0  
2024-10-07       -1.600       0       0  
2024-06-13       10.700       0       0  
2024-07-30        0.400       0       0  
2024-01-25       15.500       0       0  
2024-01-26       17.300       0       0  
2024-08-22       -2.500       0       0  
2024-02-14       19.100       0       0  
2024-02-24       23.400       1       1  
2024-03-03       21.800       1       1  
2024-01-01        5.200       0       0  
2024-03-05       24.200       0       0  
2024-07-16        2.800       0       0  
2024-05-05       20.400       1       1  
2024-01-22       14.300       0       0  
2024-06-21       11.900       1       0  
2024-02-29       21.100       0       0  
2024-11-30        3.500       1       1  
2024-07-13        8.600       1       1  
2024-06-05       16.600       0       0  
2024-06-03       14.700       0       0  
2024-09-24       -4.900       0       0  
2024-09-22       -4.500       1       1  
2024-11-28        0.500       0       0  
2024-04-07       27.600       1       1  
2024-11-20        0.400       1       0  
2024-09-01       -5.400       1       1  
2024-03-19       25.700       0       0  
2024-01-02       11.100       0       0  
2024-09-04       -4.800       0       0  
2024-01-03       12.900       1       0  
2024-03-01       25.800       0       0  
2024-04-17       25.300       0       0  
2024-09-18       -3.300       0       0  
2024-07-10       10.100       0       0  
2024-05-18       20.200       1       1  
2024-09-10       -4.300       0       0  
2024-03-22       22.300       0       0  
2024-05-21       16.400       0       0  
2024-01-12       15.000       0       0  
2024-12-18        7.700       0       0  
2024-10-08       -4.000       0       0  
2024-01-28       14.900       1       1  
2024-09-21       -4.700       1       1  
2024-01-29       14.100       0       0  
2024-10-17       -4.200       0       0  
2024-02-15       19.900       1       0  
2024-10-21       -6.600       0       0  
2024-05-16       22.300       0       0  
2024-07-24        2.200       0       0  
2024-06-16       13.900       1       1  
2024-08-15       -0.400       0       0  
2024-02-07       15.700       0       0  
2024-01-09       10.500       0       0  
2024-10-01       -7.800       0       0  
2024-03-20       26.000       0       0  
2024-10-20       -5.800       1       1  
2024-11-23       -1.400       1       1  
2024-07-23        2.600       0       0  
2024-11-18       -2.000       0       0  
2026-02-09 16:12:52,605:INFO:get_config() successfully completed......................................
2026-02-09 16:12:52,605:INFO:Initializing get_config()
2026-02-09 16:12:52,605:INFO:get_config(self=<pycaret.regression.oop.RegressionExperiment object at 0x000001E8AB46A9D0>, variable=X_test)
2026-02-09 16:12:52,605:INFO:Variable: 'X_test' used to return the transformed values in PyCaret 2.x. From PyCaret 3.x, this will return the raw values. If you need the transformed values, call get_config with 'X_test_transformed' instead.
2026-02-09 16:12:52,605:WARNING:c:\Users\itwill\AppData\Local\Programs\Python\Python311\Lib\site-packages\pycaret\internal\pycaret_experiment\pycaret_experiment.py:321: UserWarning: Variable: 'X_test' used to return the transformed values in PyCaret 2.x. From PyCaret 3.x, this will return the raw values. If you need the transformed values, call get_config with 'X_test_transformed' instead.
  warnings.warn(msg)  # print on screen

2026-02-09 16:12:52,608:INFO:Variable:  returned as             visitors  avg_price  marketing_cost  delivery_ratio  rain_mm  \
date                                                                       
2024-07-06       119      10750           9.781           0.510    1.946   
2024-02-18       129      20280           8.594           0.480    2.163   
2024-05-14       101      15370           9.116           0.420    1.856   
2024-02-05       121      12660           9.297           0.730    1.758   
2024-05-20       113      14930           8.189           0.460    0.588   
2024-04-04       137      15100           8.683           0.500    1.435   
2024-11-14       110       9530           8.962           0.470    0.916   
2024-12-25       131      17110           8.576           0.470    2.534   
2024-07-03       118      11580           8.343           0.340    2.001   
2024-05-10       123      13320           7.824           0.580    0.875   
2024-05-29       120      17660          10.469           0.590    1.526   
2024-05-22       125      13400           8.477           0.370    1.482   
2024-06-18       110      13100           8.949           0.410    1.609   
2024-02-19       115      15900           9.511           0.430    1.030   
2024-10-31       118      16190           8.825           0.450    0.875   
2024-05-12       111      21280           7.938           0.430    0.405   
2024-12-26       105      13520           7.650           0.350    1.361   
2024-04-06       138      19640           7.496           0.560    1.758   
2024-07-09       123      13360           9.417           0.410    1.030   
2024-04-08       134      21740           8.882           0.470    2.493   
2024-10-18       127      12230           8.868           0.530    2.313   
2024-11-04       115      12040           9.852           0.410    0.262   
2024-08-27       137      19300           8.854           0.650    2.728   
2024-08-20       121      15340           8.390           0.330    1.775   
2024-01-07       123      15650           9.000           0.340    1.960   
2024-12-21       126      16070           8.716           0.470    1.065   
2024-04-27       107      18080           9.259           0.400    2.092   
2024-04-26       135      16750           8.764           0.520    0.405   
2024-12-10       115      16150           9.759           0.580    1.569   
2024-12-20        95      10470           8.896           0.620    0.470   
2024-10-07       118      18510           7.439           0.470    2.501   
2024-06-13       110      10320           8.367           0.180    2.342   
2024-07-30       128      18780           8.839           0.350    1.917   
2024-01-25       109      21320           8.132           0.510    0.405   
2024-01-26       125      15180           8.683           0.510    0.262   
2024-08-22       134      15460           9.048           0.500    0.642   
2024-02-14       119      18750           8.716           0.310    2.754   
2024-02-24       130      10560           8.161           0.410    1.932   
2024-03-03       128      20720           8.975           0.510    1.872   
2024-01-01       122      14490           9.200           0.480    1.946   
2024-03-05       125      14170           8.764           0.420    2.054   
2024-07-16       124      15420           8.517           0.390    2.272   
2024-05-05       139      15410           9.350           0.470    2.175   
2024-01-22       134      20040           8.748           0.440    0.916   
2024-06-21       111      18530           9.324           0.550    0.993   
2024-02-29       127      13470           9.127           0.460    1.589   
2024-11-30       101      20060           8.909           0.180    2.067   
2024-07-13       127      21930           8.319           0.490    1.686   
2024-06-05       126      20820           9.770           0.610    1.988   
2024-06-03       134      15240           8.780           0.640    2.054   
2024-09-24       116      15550           8.949           0.450    0.531   
2024-09-22       117      14400           9.333           0.410    1.856   
2024-11-28       100      17460           9.083           0.450    1.705   
2024-04-07       113      16610           9.629           0.260    1.887   
2024-11-20       114      16500           8.825           0.500    2.197   
2024-09-01       129      17790           9.240           0.260    1.131   
2024-03-19       116      15340           8.923           0.460    2.219   
2024-01-02       106      11880           9.149           0.480    2.079   
2024-09-04       118      23040           8.613           0.400    1.253   
2024-01-03       120      18010           8.666           0.430    2.595   
2024-03-01       119      13590          10.296           0.470    1.856   
2024-04-17       126      16260           8.594           0.710    2.262   
2024-09-18       129      11940           8.007           0.230    2.821   
2024-07-10       133       7290           8.102           0.470    2.219   
2024-05-18       109      17420           9.071           0.360    0.470   
2024-09-10       105      15950           9.116           0.390    2.197   
2024-03-22       112      13750           8.132           0.390    2.351   
2024-05-21       100      17360           9.190           0.340    2.140   
2024-01-12       109      13800           8.613           0.540    1.649   
2024-12-18       124      23560           8.839           0.330    2.851   
2024-10-08       129      15060           8.243           0.350    1.194   
2024-01-28       121      11040           8.648           0.350    1.775   
2024-09-21       109      21480           8.294           0.390    2.262   
2024-01-29       124      10900           8.962           0.510    1.131   
2024-10-17       113      19570           9.297           0.470    0.833   
2024-02-15       127      11510           8.517           0.460    0.405   
2024-10-21       116      11210           8.477           0.750    2.468   
2024-05-16       113      12170           8.666           0.170    1.526   
2024-07-24       126      13610           8.882           0.770    1.526   
2024-06-16       125       8920           8.987           0.320    0.405   
2024-08-15       126      13090           8.071           0.410    2.251   
2024-02-07       129      13540           7.901           0.330    0.642   
2024-01-09       109      17550           8.537           0.490    1.758   
2024-10-01       124      11850          10.853           0.580    1.740   
2024-03-20       122      11410           9.589           0.410    2.322   
2024-10-20       116      16050           8.390           0.530    1.841   
2024-11-23       133      14910           8.576           0.260    1.163   
2024-07-23       120      14680           8.189           0.530    1.825   
2024-11-18       129       9970           8.975           0.400    2.303   

            temperature holiday weekend  
date                                     
2024-07-06        8.900       1       1  
2024-02-18       22.700       1       1  
2024-05-14       26.500       0       0  
2024-02-05       18.100       0       0  
2024-05-20       20.400       0       0  
2024-04-04       24.300       1       0  
2024-11-14       -1.500       0       0  
2024-12-25        8.100       0       0  
2024-07-03        8.500       0       0  
2024-05-10       22.400       0       0  
2024-05-29       19.000       0       0  
2024-05-22       22.500       0       0  
2024-06-18       11.900       0       0  
2024-02-19       21.600       0       0  
2024-10-31       -3.900       0       0  
2024-05-12       18.600       1       1  
2024-12-26        2.700       0       0  
2024-04-06       24.400       1       1  
2024-07-09        5.900       0       0  
2024-04-08       24.900       0       0  
2024-10-18       -3.500       0       0  
2024-11-04       -0.700       0       0  
2024-08-27       -3.600       0       0  
2024-08-20       -3.000       0       0  
2024-01-07       15.100       1       1  
2024-12-21        8.400       1       1  
2024-04-27       24.600       1       1  
2024-04-26       22.300       0       0  
2024-12-10        3.500       0       0  
2024-12-20        5.000       0       0  
2024-10-07       -1.600       0       0  
2024-06-13       10.700       0       0  
2024-07-30        0.400       0       0  
2024-01-25       15.500       0       0  
2024-01-26       17.300       0       0  
2024-08-22       -2.500       0       0  
2024-02-14       19.100       0       0  
2024-02-24       23.400       1       1  
2024-03-03       21.800       1       1  
2024-01-01        5.200       0       0  
2024-03-05       24.200       0       0  
2024-07-16        2.800       0       0  
2024-05-05       20.400       1       1  
2024-01-22       14.300       0       0  
2024-06-21       11.900       1       0  
2024-02-29       21.100       0       0  
2024-11-30        3.500       1       1  
2024-07-13        8.600       1       1  
2024-06-05       16.600       0       0  
2024-06-03       14.700       0       0  
2024-09-24       -4.900       0       0  
2024-09-22       -4.500       1       1  
2024-11-28        0.500       0       0  
2024-04-07       27.600       1       1  
2024-11-20        0.400       1       0  
2024-09-01       -5.400       1       1  
2024-03-19       25.700       0       0  
2024-01-02       11.100       0       0  
2024-09-04       -4.800       0       0  
2024-01-03       12.900       1       0  
2024-03-01       25.800       0       0  
2024-04-17       25.300       0       0  
2024-09-18       -3.300       0       0  
2024-07-10       10.100       0       0  
2024-05-18       20.200       1       1  
2024-09-10       -4.300       0       0  
2024-03-22       22.300       0       0  
2024-05-21       16.400       0       0  
2024-01-12       15.000       0       0  
2024-12-18        7.700       0       0  
2024-10-08       -4.000       0       0  
2024-01-28       14.900       1       1  
2024-09-21       -4.700       1       1  
2024-01-29       14.100       0       0  
2024-10-17       -4.200       0       0  
2024-02-15       19.900       1       0  
2024-10-21       -6.600       0       0  
2024-05-16       22.300       0       0  
2024-07-24        2.200       0       0  
2024-06-16       13.900       1       1  
2024-08-15       -0.400       0       0  
2024-02-07       15.700       0       0  
2024-01-09       10.500       0       0  
2024-10-01       -7.800       0       0  
2024-03-20       26.000       0       0  
2024-10-20       -5.800       1       1  
2024-11-23       -1.400       1       1  
2024-07-23        2.600       0       0  
2024-11-18       -2.000       0       0  
2026-02-09 16:12:52,608:INFO:get_config() successfully completed......................................
2026-02-09 16:12:52,609:INFO:Initializing get_config()
2026-02-09 16:12:52,609:INFO:get_config(self=<pycaret.regression.oop.RegressionExperiment object at 0x000001E8AB46A9D0>, variable=X_train_transformed)
2026-02-09 16:12:52,638:INFO:Variable: X_train returned as             visitors  avg_price  marketing_cost  delivery_ratio  rain_mm  \
date                                                                       
2024-06-11     0.916     -1.801           0.229          -0.296    0.594   
2024-06-20    -0.415      1.761          -0.740          -0.549    0.884   
2024-08-25    -0.415     -0.199           1.020           0.378    0.933   
2024-11-22     1.677      0.385          -0.070          -0.549   -0.675   
2024-12-30    -1.271     -0.533          -0.529           0.294    0.851   
...              ...        ...             ...             ...      ...   
2024-03-30     0.345     -0.384          -1.600           0.715    0.573   
2024-06-04    -0.510      2.650          -0.256           0.546   -0.074   
2024-01-14    -1.747     -0.997          -0.897          -1.981   -1.097   
2024-10-05    -2.032      0.502          -0.981          -1.392   -0.460   
2024-06-10    -0.986      0.088          -0.256           0.799    0.183   

            temperature  holiday  weekend  
date                                       
2024-06-11        0.406   -0.731   -0.653  
2024-06-20       -0.173   -0.731   -0.653  
2024-08-25       -1.191    1.367    1.530  
2024-11-22       -0.855   -0.731   -0.653  
2024-12-30       -0.023   -0.731   -0.653  
...                 ...      ...      ...  
2024-03-30        1.667    1.367    1.530  
2024-06-04        0.145   -0.731   -0.653  
2024-01-14        0.285    1.367    1.530  
2024-10-05       -1.471    1.367    1.530  
2024-06-10        0.163   -0.731   -0.653  

[264 rows x 8 columns]
2026-02-09 16:12:52,638:INFO:get_config() successfully completed......................................
2026-02-09 16:12:52,639:INFO:Initializing get_config()
2026-02-09 16:12:52,639:INFO:get_config(self=<pycaret.regression.oop.RegressionExperiment object at 0x000001E8AB46A9D0>, variable=y_train_transformed)
2026-02-09 16:12:52,666:INFO:Variable: y_train returned as date
2024-06-11   16.142
2024-06-20   15.944
2024-08-25   16.580
2024-11-22   16.408
2024-12-30   16.235
              ...  
2024-03-30   16.420
2024-06-04   16.372
2024-01-14   16.631
2024-10-05   16.479
2024-06-10   15.976
Name: sales, Length: 264, dtype: float32
2026-02-09 16:12:52,666:INFO:get_config() successfully completed......................................
2026-02-09 16:12:52,666:INFO:Initializing get_config()
2026-02-09 16:12:52,666:INFO:get_config(self=<pycaret.regression.oop.RegressionExperiment object at 0x000001E8AB46A9D0>, variable=X_test_transformed)
2026-02-09 16:12:52,692:INFO:Variable: X_test returned as             visitors  avg_price  marketing_cost  delivery_ratio  rain_mm  \
date                                                                       
2024-07-06    -0.035     -1.228           1.566           0.546    0.468   
2024-02-18     0.916      1.300          -0.433           0.294    0.799   
2024-05-14    -1.747     -0.002           0.446          -0.212    0.332   
2024-02-05     0.155     -0.721           0.749           2.400    0.183   
2024-05-20    -0.606     -0.119          -1.116           0.125   -1.597   
2024-04-04     1.677     -0.074          -0.284           0.462   -0.308   
2024-11-14    -0.891     -1.551           0.186           0.209   -1.097   
2024-12-25     1.106      0.459          -0.465           0.209    1.362   
2024-07-03    -0.130     -1.008          -0.856          -0.886    0.553   
2024-05-10     0.345     -0.546          -1.729           1.136   -1.159   
2024-05-29     0.060      0.605           2.723           1.221   -0.170   
2024-05-22     0.536     -0.525          -0.631          -0.633   -0.238   
2024-06-18    -0.891     -0.604           0.164          -0.296   -0.043   
2024-02-19    -0.415      0.138           1.110          -0.128   -0.925   
2024-10-31    -0.130      0.215          -0.045           0.041   -1.159   
2024-05-12    -0.796      1.565          -1.539          -0.128   -1.874   
2024-12-26    -1.366     -0.493          -2.023          -0.802   -0.421   
2024-04-06     1.772      1.130          -2.282           0.968    0.183   
2024-07-09     0.345     -0.535           0.953          -0.296   -0.925   
2024-04-08     1.392      1.687           0.051           0.209    1.301   
2024-10-18     0.726     -0.835           0.028           0.715    1.026   
2024-11-04    -0.415     -0.886           1.685          -0.296   -2.091   
2024-08-27     1.677      1.040           0.004           1.726    1.657   
2024-08-20     0.155     -0.010          -0.778          -0.970    0.209   
2024-01-07     0.345      0.072           0.250          -0.886    0.490   
2024-12-21     0.631      0.183          -0.228           0.209   -0.871   
2024-04-27    -1.176      0.716           0.687          -0.380    0.690   
2024-04-26     1.487      0.364          -0.147           0.631   -1.874   
2024-12-10    -0.415      0.205           1.527           1.136   -0.105   
2024-12-20    -2.318     -1.302           0.075           1.473   -1.776   
2024-10-07    -0.130      0.830          -2.379           0.209    1.313   
2024-06-13    -0.891     -1.342          -0.817          -2.234    1.070   
2024-07-30     0.821      0.902          -0.020          -0.802    0.424   
2024-01-25    -0.986      1.576          -1.212           0.546   -1.874   
2024-01-26     0.536     -0.053          -0.284           0.546   -2.091   
2024-08-22     1.392      0.022           0.331           0.462   -1.514   
2024-02-14    -0.035      0.894          -0.228          -1.139    1.697   
2024-02-24     1.011     -1.278          -1.163          -0.296    0.447   
2024-03-03     0.821      1.417           0.207           0.546    0.356   
2024-01-01     0.250     -0.236           0.587           0.294    0.468   
2024-03-05     0.536     -0.321          -0.147          -0.212    0.633   
2024-07-16     0.441      0.011          -0.563          -0.465    0.964   
2024-05-05     1.867      0.008           0.840           0.209    0.816   
2024-01-22     1.392      1.236          -0.174          -0.043   -1.097   
2024-06-21    -0.796      0.836           0.795           0.883   -0.980   
2024-02-29     0.726     -0.506           0.464           0.125   -0.074   
2024-11-30    -1.747      1.242           0.097          -2.234    0.652   
2024-07-13     0.726      1.738          -0.897           0.378    0.074   
2024-06-05     0.631      1.443           1.547           1.389    0.532   
2024-06-03     1.392     -0.037          -0.121           1.642    0.633   
2024-09-24    -0.320      0.045           0.164           0.041   -1.683   
2024-09-22    -0.225     -0.260           0.810          -0.296    0.332   
2024-11-28    -1.842      0.552           0.389           0.041    0.102   
2024-04-07    -0.606      0.327           1.309          -1.560    0.379   
2024-11-20    -0.510      0.297          -0.045           0.462    0.851   
2024-09-01     0.916      0.640           0.654          -1.560   -0.770   
2024-03-19    -0.320     -0.010           0.120           0.125    0.884   
2024-01-02    -1.271     -0.928           0.500           0.294    0.672   
2024-09-04    -0.130      2.032          -0.402          -0.380   -0.585   
2024-01-03     0.060      0.698          -0.313          -0.128    1.456   
2024-03-01    -0.035     -0.474           2.432           0.209    0.332   
2024-04-17     0.631      0.234          -0.433           2.232    0.949   
2024-09-18     0.916     -0.912          -1.423          -1.813    1.800   
2024-07-10     1.297     -2.145          -1.262           0.209    0.884   
2024-05-18    -0.986      0.541           0.370          -0.717   -1.776   
2024-09-10    -1.366      0.151           0.446          -0.465    0.851   
2024-03-22    -0.701     -0.432          -1.212          -0.465    1.085   
2024-05-21    -1.842      0.525           0.570          -0.886    0.764   
2024-01-12    -0.986     -0.419          -0.402           0.799    0.016   
2024-12-18     0.441      2.170          -0.020          -0.970    1.844   
2024-10-08     0.916     -0.085          -1.025          -0.802   -0.675   
2024-01-28     0.155     -1.151          -0.342          -0.802    0.209   
2024-09-21    -0.986      1.618          -0.938          -0.465    0.949   
2024-01-29     0.441     -1.188           0.186           0.546   -0.770   
2024-10-17    -0.606      1.112           0.749           0.209   -1.224   
2024-02-15     0.726     -1.026          -0.563           0.125   -1.874   
2024-10-21    -0.320     -1.106          -0.631           2.569    1.262   
2024-05-16    -0.606     -0.851          -0.313          -2.318   -0.170   
2024-07-24     0.631     -0.469           0.051           2.737   -0.170   
2024-06-16     0.536     -1.713           0.229          -1.055   -1.874   
2024-08-15     0.631     -0.607          -1.314          -0.296    0.933   
2024-02-07     0.916     -0.488          -1.600          -0.970   -1.514   
2024-01-09    -0.986      0.576          -0.529           0.378    0.183   
2024-10-01     0.441     -0.936           3.371           1.136    0.156   
2024-03-20     0.250     -1.053           1.242          -0.296    1.041   
2024-10-20    -0.320      0.178          -0.778           0.715    0.308   
2024-11-23     1.297     -0.124          -0.465          -1.560   -0.722   
2024-07-23     0.060     -0.185          -1.116           0.715    0.284   
2024-11-18     0.916     -1.435           0.207          -0.380    1.011   

            temperature  holiday  weekend  
date                                       
2024-07-06       -0.089    1.367    1.530  
2024-02-18        1.200    1.367    1.530  
2024-05-14        1.555   -0.731   -0.653  
2024-02-05        0.770   -0.731   -0.653  
2024-05-20        0.985   -0.731   -0.653  
2024-04-04        1.350    1.367   -0.653  
2024-11-14       -1.060   -0.731   -0.653  
2024-12-25       -0.163   -0.731   -0.653  
2024-07-03       -0.126   -0.731   -0.653  
2024-05-10        1.172   -0.731   -0.653  
2024-05-29        0.855   -0.731   -0.653  
2024-05-22        1.181   -0.731   -0.653  
2024-06-18        0.191   -0.731   -0.653  
2024-02-19        1.097   -0.731   -0.653  
2024-10-31       -1.284   -0.731   -0.653  
2024-05-12        0.817    1.367    1.530  
2024-12-26       -0.668   -0.731   -0.653  
2024-04-06        1.359    1.367    1.530  
2024-07-09       -0.369   -0.731   -0.653  
2024-04-08        1.406   -0.731   -0.653  
2024-10-18       -1.247   -0.731   -0.653  
2024-11-04       -0.985   -0.731   -0.653  
2024-08-27       -1.256   -0.731   -0.653  
2024-08-20       -1.200   -0.731   -0.653  
2024-01-07        0.490    1.367    1.530  
2024-12-21       -0.135    1.367    1.530  
2024-04-27        1.378    1.367    1.530  
2024-04-26        1.163   -0.731   -0.653  
2024-12-10       -0.593   -0.731   -0.653  
2024-12-20       -0.453   -0.731   -0.653  
2024-10-07       -1.069   -0.731   -0.653  
2024-06-13        0.079   -0.731   -0.653  
2024-07-30       -0.883   -0.731   -0.653  
2024-01-25        0.528   -0.731   -0.653  
2024-01-26        0.696   -0.731   -0.653  
2024-08-22       -1.153   -0.731   -0.653  
2024-02-14        0.864   -0.731   -0.653  
2024-02-24        1.265    1.367    1.530  
2024-03-03        1.116    1.367    1.530  
2024-01-01       -0.434   -0.731   -0.653  
2024-03-05        1.340   -0.731   -0.653  
2024-07-16       -0.658   -0.731   -0.653  
2024-05-05        0.985    1.367    1.530  
2024-01-22        0.416   -0.731   -0.653  
2024-06-21        0.191    1.367   -0.653  
2024-02-29        1.051   -0.731   -0.653  
2024-11-30       -0.593    1.367    1.530  
2024-07-13       -0.117    1.367    1.530  
2024-06-05        0.630   -0.731   -0.653  
2024-06-03        0.453   -0.731   -0.653  
2024-09-24       -1.378   -0.731   -0.653  
2024-09-22       -1.340    1.367    1.530  
2024-11-28       -0.873   -0.731   -0.653  
2024-04-07        1.658    1.367    1.530  
2024-11-20       -0.883    1.367   -0.653  
2024-09-01       -1.424    1.367    1.530  
2024-03-19        1.480   -0.731   -0.653  
2024-01-02        0.117   -0.731   -0.653  
2024-09-04       -1.368   -0.731   -0.653  
2024-01-03        0.285    1.367   -0.653  
2024-03-01        1.490   -0.731   -0.653  
2024-04-17        1.443   -0.731   -0.653  
2024-09-18       -1.228   -0.731   -0.653  
2024-07-10        0.023   -0.731   -0.653  
2024-05-18        0.967    1.367    1.530  
2024-09-10       -1.322   -0.731   -0.653  
2024-03-22        1.163   -0.731   -0.653  
2024-05-21        0.612   -0.731   -0.653  
2024-01-12        0.481   -0.731   -0.653  
2024-12-18       -0.201   -0.731   -0.653  
2024-10-08       -1.294   -0.731   -0.653  
2024-01-28        0.472    1.367    1.530  
2024-09-21       -1.359    1.367    1.530  
2024-01-29        0.397   -0.731   -0.653  
2024-10-17       -1.312   -0.731   -0.653  
2024-02-15        0.939    1.367   -0.653  
2024-10-21       -1.536   -0.731   -0.653  
2024-05-16        1.163   -0.731   -0.653  
2024-07-24       -0.714   -0.731   -0.653  
2024-06-16        0.378    1.367    1.530  
2024-08-15       -0.957   -0.731   -0.653  
2024-02-07        0.546   -0.731   -0.653  
2024-01-09        0.061   -0.731   -0.653  
2024-10-01       -1.648   -0.731   -0.653  
2024-03-20        1.508   -0.731   -0.653  
2024-10-20       -1.462    1.367    1.530  
2024-11-23       -1.051    1.367    1.530  
2024-07-23       -0.677   -0.731   -0.653  
2024-11-18       -1.107   -0.731   -0.653  
2026-02-09 16:12:52,692:INFO:get_config() successfully completed......................................
2026-02-09 16:12:52,692:INFO:Initializing get_config()
2026-02-09 16:12:52,692:INFO:get_config(self=<pycaret.regression.oop.RegressionExperiment object at 0x000001E8AB46A9D0>, variable=y_test_transformed)
2026-02-09 16:12:52,719:INFO:Variable: y_test returned as date
2024-07-06   16.911
2024-02-18   16.891
2024-05-14   16.175
2024-02-05   16.495
2024-05-20   16.135
2024-04-04   16.403
2024-11-14   16.214
2024-12-25   16.303
2024-07-03   15.995
2024-05-10   16.144
2024-05-29   16.454
2024-05-22   16.189
2024-06-18   16.081
2024-02-19   16.987
2024-10-31   16.215
2024-05-12   16.930
2024-12-26   16.080
2024-04-06   16.701
2024-07-09   16.390
2024-04-08   16.023
2024-10-18   15.932
2024-11-04   16.367
2024-08-27   16.202
2024-08-20   16.356
2024-01-07   16.629
2024-12-21   16.852
2024-04-27   16.410
2024-04-26   16.188
2024-12-10   16.578
2024-12-20   15.998
2024-10-07   15.711
2024-06-13   16.191
2024-07-30   16.465
2024-01-25   16.120
2024-01-26   16.606
2024-08-22   16.421
2024-02-14   16.029
2024-02-24   16.550
2024-03-03   16.857
2024-01-01   16.169
2024-03-05   15.846
2024-07-16   15.784
2024-05-05   16.827
2024-01-22   16.504
2024-06-21   16.400
2024-02-29   16.809
2024-11-30   16.653
2024-07-13   17.301
2024-06-05   16.459
2024-06-03   16.252
2024-09-24   16.081
2024-09-22   17.004
2024-11-28   16.305
2024-04-07   17.413
2024-11-20   16.346
2024-09-01   17.150
2024-03-19   15.900
2024-01-02   16.005
2024-09-04   16.522
2024-01-03   16.354
2024-03-01   16.255
2024-04-17   16.031
2024-09-18   15.603
2024-07-10   15.727
2024-05-18   16.845
2024-09-10   16.386
2024-03-22   15.729
2024-05-21   16.328
2024-01-12   16.095
2024-12-18   16.088
2024-10-08   16.150
2024-01-28   16.471
2024-09-21   16.933
2024-01-29   16.377
2024-10-17   16.436
2024-02-15   16.455
2024-10-21   16.004
2024-05-16   16.516
2024-07-24   15.894
2024-06-16   16.906
2024-08-15   16.004
2024-02-07   16.266
2024-01-09   15.819
2024-10-01   16.455
2024-03-20   16.246
2024-10-20   16.988
2024-11-23   16.865
2024-07-23   16.111
2024-11-18   15.904
Name: sales, dtype: float32
2026-02-09 16:12:52,719:INFO:get_config() successfully completed......................................
2026-02-09 16:13:21,132:INFO:Initializing get_config()
2026-02-09 16:13:21,132:INFO:get_config(self=<pycaret.regression.oop.RegressionExperiment object at 0x000001E8AB46A9D0>, variable=pipeline)
2026-02-09 16:13:21,159:INFO:Variable:  returned as Pipeline(memory=FastMemory(location=C:\Users\itwill\AppData\Local\Temp\joblib),
         steps=[('numerical_imputer',
                 TransformerWrapper(include=['visitors', 'avg_price',
                                             'marketing_cost', 'delivery_ratio',
                                             'rain_mm', 'temperature'],
                                    transformer=SimpleImputer())),
                ('categorical_imputer',
                 TransformerWrapper(include=['weekend', 'holiday'],
                                    transformer=SimpleImputer(strat...
                 TransformerWrapper(include=['weekend', 'holiday'],
                                    transformer=OrdinalEncoder(cols=['weekend',
                                                                     'holiday'],
                                                               handle_missing='return_nan',
                                                               mapping=[{'col': 'weekend',
                                                                         'data_type': dtype('float64'),
                                                                         'mapping': 0.000    0
1.000    1
NaN     -1
dtype: int64},
                                                                        {'col': 'holiday',
                                                                         'data_type': dtype('float64'),
                                                                         'mapping': 0.000    0
1.000    1
NaN     -1
dtype: int64}]))),
                ('normalize',
                 TransformerWrapper(transformer=StandardScaler()))])
2026-02-09 16:13:21,159:INFO:get_config() successfully completed......................................
2026-02-09 16:15:38,087:WARNING:c:\Users\itwill\AppData\Local\Programs\Python\Python311\Lib\site-packages\hossam\hs_reg.py:454: FutureWarning: The NumPy global RNG was seeded by calling `np.random.seed`. In a future version this function will no longer use the global RNG. Pass `rng` explicitly to opt-in to the new behaviour and silence this warning.
  shap.summary_plot(shap_values, x, show=False)

